This file contains any messages produced by compilers while
running configure, to aid debugging if configure makes a mistake.

It was created by configure, which was
generated by GNU Autoconf 2.69.  Invocation command line was

  $ ./configure 

## --------- ##
## Platform. ##
## --------- ##

hostname = vps156169.vps.ovh.ca
uname -m = x86_64
uname -r = 3.13.0-125-generic
uname -s = Linux
uname -v = #174-Ubuntu SMP Mon Jul 10 18:51:24 UTC 2017

/usr/bin/uname -p = unknown
/bin/uname -X     = unknown

/bin/arch              = unknown
/usr/bin/arch -k       = unknown
/usr/convex/getsysinfo = unknown
/usr/bin/hostinfo      = unknown
/bin/machine           = unknown
/usr/bin/oslevel       = unknown
/bin/universe          = unknown

PATH: /usr/local/sbin
PATH: /usr/local/bin
PATH: /usr/sbin
PATH: /usr/bin
PATH: /sbin
PATH: /bin
PATH: /usr/games
PATH: /usr/local/games


## ----------- ##
## Core tests. ##
## ----------- ##

configure:2490: checking for gcc
configure:2506: found /usr/bin/gcc
configure:2517: result: gcc
configure:2746: checking for C compiler version
configure:2755: gcc --version >&5
gcc (Ubuntu 4.8.4-2ubuntu1~14.04.3) 4.8.4
Copyright (C) 2013 Free Software Foundation, Inc.
This is free software; see the source for copying conditions.  There is NO
warranty; not even for MERCHANTABILITY or FITNESS FOR A PARTICULAR PURPOSE.

configure:2766: $? = 0
configure:2755: gcc -v >&5
Using built-in specs.
COLLECT_GCC=gcc
COLLECT_LTO_WRAPPER=/usr/lib/gcc/x86_64-linux-gnu/4.8/lto-wrapper
Target: x86_64-linux-gnu
Configured with: ../src/configure -v --with-pkgversion='Ubuntu 4.8.4-2ubuntu1~14.04.3' --with-bugurl=file:///usr/share/doc/gcc-4.8/README.Bugs --enable-languages=c,c++,java,go,d,fortran,objc,obj-c++ --prefix=/usr --program-suffix=-4.8 --enable-shared --enable-linker-build-id --libexecdir=/usr/lib --without-included-gettext --enable-threads=posix --with-gxx-include-dir=/usr/include/c++/4.8 --libdir=/usr/lib --enable-nls --with-sysroot=/ --enable-clocale=gnu --enable-libstdcxx-debug --enable-libstdcxx-time=yes --enable-gnu-unique-object --disable-libmudflap --enable-plugin --with-system-zlib --disable-browser-plugin --enable-java-awt=gtk --enable-gtk-cairo --with-java-home=/usr/lib/jvm/java-1.5.0-gcj-4.8-amd64/jre --enable-java-home --with-jvm-root-dir=/usr/lib/jvm/java-1.5.0-gcj-4.8-amd64 --with-jvm-jar-dir=/usr/lib/jvm-exports/java-1.5.0-gcj-4.8-amd64 --with-arch-directory=amd64 --with-ecj-jar=/usr/share/java/eclipse-ecj.jar --enable-objc-gc --enable-multiarch --disable-werror --with-arch-32=i686 --with-abi=m64 --with-multilib-list=m32,m64,mx32 --with-tune=generic --enable-checking=release --build=x86_64-linux-gnu --host=x86_64-linux-gnu --target=x86_64-linux-gnu
Thread model: posix
gcc version 4.8.4 (Ubuntu 4.8.4-2ubuntu1~14.04.3) 
configure:2766: $? = 0
configure:2755: gcc -V >&5
gcc: error: unrecognized command line option '-V'
gcc: fatal error: no input files
compilation terminated.
configure:2766: $? = 4
configure:2755: gcc -qversion >&5
gcc: error: unrecognized command line option '-qversion'
gcc: fatal error: no input files
compilation terminated.
configure:2766: $? = 4
configure:2786: checking whether the C compiler works
configure:2808: gcc    conftest.c  >&5
configure:2812: $? = 0
configure:2860: result: yes
configure:2863: checking for C compiler default output file name
configure:2865: result: a.out
configure:2871: checking for suffix of executables
configure:2878: gcc -o conftest    conftest.c  >&5
configure:2882: $? = 0
configure:2904: result: 
configure:2926: checking whether we are cross compiling
configure:2934: gcc -o conftest    conftest.c  >&5
configure:2938: $? = 0
configure:2945: ./conftest
configure:2949: $? = 0
configure:2964: result: no
configure:2969: checking for suffix of object files
configure:2991: gcc -c   conftest.c >&5
configure:2995: $? = 0
configure:3016: result: o
configure:3020: checking whether we are using the GNU C compiler
configure:3039: gcc -c   conftest.c >&5
configure:3039: $? = 0
configure:3048: result: yes
configure:3057: checking whether gcc accepts -g
configure:3077: gcc -c -g  conftest.c >&5
configure:3077: $? = 0
configure:3118: result: yes
configure:3135: checking for gcc option to accept ISO C89
configure:3198: gcc  -c -g -O2  conftest.c >&5
configure:3198: $? = 0
configure:3211: result: none needed
configure:3237: checking how to run the C preprocessor
configure:3268: gcc -E  conftest.c
configure:3268: $? = 0
configure:3282: gcc -E  conftest.c
conftest.c:9:28: fatal error: ac_nonexistent.h: No such file or directory
 #include <ac_nonexistent.h>
                            ^
compilation terminated.
configure:3282: $? = 1
configure: failed program was:
| /* confdefs.h */
| #define PACKAGE_NAME ""
| #define PACKAGE_TARNAME ""
| #define PACKAGE_VERSION ""
| #define PACKAGE_STRING ""
| #define PACKAGE_BUGREPORT ""
| #define PACKAGE_URL ""
| /* end confdefs.h.  */
| #include <ac_nonexistent.h>
configure:3307: result: gcc -E
configure:3327: gcc -E  conftest.c
configure:3327: $? = 0
configure:3341: gcc -E  conftest.c
conftest.c:9:28: fatal error: ac_nonexistent.h: No such file or directory
 #include <ac_nonexistent.h>
                            ^
compilation terminated.
configure:3341: $? = 1
configure: failed program was:
| /* confdefs.h */
| #define PACKAGE_NAME ""
| #define PACKAGE_TARNAME ""
| #define PACKAGE_VERSION ""
| #define PACKAGE_STRING ""
| #define PACKAGE_BUGREPORT ""
| #define PACKAGE_URL ""
| /* end confdefs.h.  */
| #include <ac_nonexistent.h>
configure:3370: checking for grep that handles long lines and -e
configure:3428: result: /bin/grep
configure:3433: checking for egrep
configure:3495: result: /bin/grep -E
configure:3500: checking for ANSI C header files
configure:3520: gcc -c -g -O2  conftest.c >&5
configure:3520: $? = 0
configure:3593: gcc -o conftest -g -O2   conftest.c  >&5
configure:3593: $? = 0
configure:3593: ./conftest
configure:3593: $? = 0
configure:3604: result: yes
configure:3617: checking for sys/types.h
configure:3617: gcc -c -g -O2  conftest.c >&5
configure:3617: $? = 0
configure:3617: result: yes
configure:3617: checking for sys/stat.h
configure:3617: gcc -c -g -O2  conftest.c >&5
configure:3617: $? = 0
configure:3617: result: yes
configure:3617: checking for stdlib.h
configure:3617: gcc -c -g -O2  conftest.c >&5
configure:3617: $? = 0
configure:3617: result: yes
configure:3617: checking for string.h
configure:3617: gcc -c -g -O2  conftest.c >&5
configure:3617: $? = 0
configure:3617: result: yes
configure:3617: checking for memory.h
configure:3617: gcc -c -g -O2  conftest.c >&5
configure:3617: $? = 0
configure:3617: result: yes
configure:3617: checking for strings.h
configure:3617: gcc -c -g -O2  conftest.c >&5
configure:3617: $? = 0
configure:3617: result: yes
configure:3617: checking for inttypes.h
configure:3617: gcc -c -g -O2  conftest.c >&5
configure:3617: $? = 0
configure:3617: result: yes
configure:3617: checking for stdint.h
configure:3617: gcc -c -g -O2  conftest.c >&5
configure:3617: $? = 0
configure:3617: result: yes
configure:3617: checking for unistd.h
configure:3617: gcc -c -g -O2  conftest.c >&5
configure:3617: $? = 0
configure:3617: result: yes
configure:3630: checking minix/config.h usability
configure:3630: gcc -c -g -O2  conftest.c >&5
conftest.c:52:26: fatal error: minix/config.h: No such file or directory
 #include <minix/config.h>
                          ^
compilation terminated.
configure:3630: $? = 1
configure: failed program was:
| /* confdefs.h */
| #define PACKAGE_NAME ""
| #define PACKAGE_TARNAME ""
| #define PACKAGE_VERSION ""
| #define PACKAGE_STRING ""
| #define PACKAGE_BUGREPORT ""
| #define PACKAGE_URL ""
| #define STDC_HEADERS 1
| #define HAVE_SYS_TYPES_H 1
| #define HAVE_SYS_STAT_H 1
| #define HAVE_STDLIB_H 1
| #define HAVE_STRING_H 1
| #define HAVE_MEMORY_H 1
| #define HAVE_STRINGS_H 1
| #define HAVE_INTTYPES_H 1
| #define HAVE_STDINT_H 1
| #define HAVE_UNISTD_H 1
| /* end confdefs.h.  */
| #include <stdio.h>
| #ifdef HAVE_SYS_TYPES_H
| # include <sys/types.h>
| #endif
| #ifdef HAVE_SYS_STAT_H
| # include <sys/stat.h>
| #endif
| #ifdef STDC_HEADERS
| # include <stdlib.h>
| # include <stddef.h>
| #else
| # ifdef HAVE_STDLIB_H
| #  include <stdlib.h>
| # endif
| #endif
| #ifdef HAVE_STRING_H
| # if !defined STDC_HEADERS && defined HAVE_MEMORY_H
| #  include <memory.h>
| # endif
| # include <string.h>
| #endif
| #ifdef HAVE_STRINGS_H
| # include <strings.h>
| #endif
| #ifdef HAVE_INTTYPES_H
| # include <inttypes.h>
| #endif
| #ifdef HAVE_STDINT_H
| # include <stdint.h>
| #endif
| #ifdef HAVE_UNISTD_H
| # include <unistd.h>
| #endif
| #include <minix/config.h>
configure:3630: result: no
configure:3630: checking minix/config.h presence
configure:3630: gcc -E  conftest.c
conftest.c:19:26: fatal error: minix/config.h: No such file or directory
 #include <minix/config.h>
                          ^
compilation terminated.
configure:3630: $? = 1
configure: failed program was:
| /* confdefs.h */
| #define PACKAGE_NAME ""
| #define PACKAGE_TARNAME ""
| #define PACKAGE_VERSION ""
| #define PACKAGE_STRING ""
| #define PACKAGE_BUGREPORT ""
| #define PACKAGE_URL ""
| #define STDC_HEADERS 1
| #define HAVE_SYS_TYPES_H 1
| #define HAVE_SYS_STAT_H 1
| #define HAVE_STDLIB_H 1
| #define HAVE_STRING_H 1
| #define HAVE_MEMORY_H 1
| #define HAVE_STRINGS_H 1
| #define HAVE_INTTYPES_H 1
| #define HAVE_STDINT_H 1
| #define HAVE_UNISTD_H 1
| /* end confdefs.h.  */
| #include <minix/config.h>
configure:3630: result: no
configure:3630: checking for minix/config.h
configure:3630: result: no
configure:3651: checking whether it is safe to define __EXTENSIONS__
configure:3669: gcc -c -g -O2  conftest.c >&5
configure:3669: $? = 0
configure:3676: result: yes
configure:4077: checking whether make sets $(MAKE)
configure:4099: result: yes
configure:4156: checking for gcc
configure:4183: result: gcc
configure:4412: checking for C compiler version
configure:4421: gcc --version >&5
gcc (Ubuntu 4.8.4-2ubuntu1~14.04.3) 4.8.4
Copyright (C) 2013 Free Software Foundation, Inc.
This is free software; see the source for copying conditions.  There is NO
warranty; not even for MERCHANTABILITY or FITNESS FOR A PARTICULAR PURPOSE.

configure:4432: $? = 0
configure:4421: gcc -v >&5
Using built-in specs.
COLLECT_GCC=gcc
COLLECT_LTO_WRAPPER=/usr/lib/gcc/x86_64-linux-gnu/4.8/lto-wrapper
Target: x86_64-linux-gnu
Configured with: ../src/configure -v --with-pkgversion='Ubuntu 4.8.4-2ubuntu1~14.04.3' --with-bugurl=file:///usr/share/doc/gcc-4.8/README.Bugs --enable-languages=c,c++,java,go,d,fortran,objc,obj-c++ --prefix=/usr --program-suffix=-4.8 --enable-shared --enable-linker-build-id --libexecdir=/usr/lib --without-included-gettext --enable-threads=posix --with-gxx-include-dir=/usr/include/c++/4.8 --libdir=/usr/lib --enable-nls --with-sysroot=/ --enable-clocale=gnu --enable-libstdcxx-debug --enable-libstdcxx-time=yes --enable-gnu-unique-object --disable-libmudflap --enable-plugin --with-system-zlib --disable-browser-plugin --enable-java-awt=gtk --enable-gtk-cairo --with-java-home=/usr/lib/jvm/java-1.5.0-gcj-4.8-amd64/jre --enable-java-home --with-jvm-root-dir=/usr/lib/jvm/java-1.5.0-gcj-4.8-amd64 --with-jvm-jar-dir=/usr/lib/jvm-exports/java-1.5.0-gcj-4.8-amd64 --with-arch-directory=amd64 --with-ecj-jar=/usr/share/java/eclipse-ecj.jar --enable-objc-gc --enable-multiarch --disable-werror --with-arch-32=i686 --with-abi=m64 --with-multilib-list=m32,m64,mx32 --with-tune=generic --enable-checking=release --build=x86_64-linux-gnu --host=x86_64-linux-gnu --target=x86_64-linux-gnu
Thread model: posix
gcc version 4.8.4 (Ubuntu 4.8.4-2ubuntu1~14.04.3) 
configure:4432: $? = 0
configure:4421: gcc -V >&5
gcc: error: unrecognized command line option '-V'
gcc: fatal error: no input files
compilation terminated.
configure:4432: $? = 4
configure:4421: gcc -qversion >&5
gcc: error: unrecognized command line option '-qversion'
gcc: fatal error: no input files
compilation terminated.
configure:4432: $? = 4
configure:4436: checking whether we are using the GNU C compiler
configure:4464: result: yes
configure:4473: checking whether gcc accepts -g
configure:4534: result: yes
configure:4551: checking for gcc option to accept ISO C89
configure:4627: result: none needed
configure:4705: checking for g++
configure:4721: found /usr/bin/g++
configure:4732: result: g++
configure:4759: checking for C++ compiler version
configure:4768: g++ --version >&5
g++ (Ubuntu 4.8.4-2ubuntu1~14.04.3) 4.8.4
Copyright (C) 2013 Free Software Foundation, Inc.
This is free software; see the source for copying conditions.  There is NO
warranty; not even for MERCHANTABILITY or FITNESS FOR A PARTICULAR PURPOSE.

configure:4779: $? = 0
configure:4768: g++ -v >&5
Using built-in specs.
COLLECT_GCC=g++
COLLECT_LTO_WRAPPER=/usr/lib/gcc/x86_64-linux-gnu/4.8/lto-wrapper
Target: x86_64-linux-gnu
Configured with: ../src/configure -v --with-pkgversion='Ubuntu 4.8.4-2ubuntu1~14.04.3' --with-bugurl=file:///usr/share/doc/gcc-4.8/README.Bugs --enable-languages=c,c++,java,go,d,fortran,objc,obj-c++ --prefix=/usr --program-suffix=-4.8 --enable-shared --enable-linker-build-id --libexecdir=/usr/lib --without-included-gettext --enable-threads=posix --with-gxx-include-dir=/usr/include/c++/4.8 --libdir=/usr/lib --enable-nls --with-sysroot=/ --enable-clocale=gnu --enable-libstdcxx-debug --enable-libstdcxx-time=yes --enable-gnu-unique-object --disable-libmudflap --enable-plugin --with-system-zlib --disable-browser-plugin --enable-java-awt=gtk --enable-gtk-cairo --with-java-home=/usr/lib/jvm/java-1.5.0-gcj-4.8-amd64/jre --enable-java-home --with-jvm-root-dir=/usr/lib/jvm/java-1.5.0-gcj-4.8-amd64 --with-jvm-jar-dir=/usr/lib/jvm-exports/java-1.5.0-gcj-4.8-amd64 --with-arch-directory=amd64 --with-ecj-jar=/usr/share/java/eclipse-ecj.jar --enable-objc-gc --enable-multiarch --disable-werror --with-arch-32=i686 --with-abi=m64 --with-multilib-list=m32,m64,mx32 --with-tune=generic --enable-checking=release --build=x86_64-linux-gnu --host=x86_64-linux-gnu --target=x86_64-linux-gnu
Thread model: posix
gcc version 4.8.4 (Ubuntu 4.8.4-2ubuntu1~14.04.3) 
configure:4779: $? = 0
configure:4768: g++ -V >&5
g++: error: unrecognized command line option '-V'
g++: fatal error: no input files
compilation terminated.
configure:4779: $? = 4
configure:4768: g++ -qversion >&5
g++: error: unrecognized command line option '-qversion'
g++: fatal error: no input files
compilation terminated.
configure:4779: $? = 4
configure:4783: checking whether we are using the GNU C++ compiler
configure:4802: g++ -c   -DMAXCONN=16384 conftest.cpp >&5
configure:4802: $? = 0
configure:4811: result: yes
configure:4820: checking whether g++ accepts -g
configure:4840: g++ -c -g  -DMAXCONN=16384 conftest.cpp >&5
configure:4840: $? = 0
configure:4881: result: yes
configure:4906: checking for ar
configure:4924: found /usr/bin/ar
configure:4936: result: /usr/bin/ar
configure:4957: checking whether byte ordering is bigendian
configure:4972: g++ -c -g -O2 -std=c++11  -DMAXCONN=16384 -I../common conftest.cpp >&5
conftest.cpp:25:9: error: expected unqualified-id before 'not' token
         not a universal capable compiler
         ^
configure:4972: $? = 1
configure: failed program was:
| /* confdefs.h */
| #define PACKAGE_NAME ""
| #define PACKAGE_TARNAME ""
| #define PACKAGE_VERSION ""
| #define PACKAGE_STRING ""
| #define PACKAGE_BUGREPORT ""
| #define PACKAGE_URL ""
| #define STDC_HEADERS 1
| #define HAVE_SYS_TYPES_H 1
| #define HAVE_SYS_STAT_H 1
| #define HAVE_STDLIB_H 1
| #define HAVE_STRING_H 1
| #define HAVE_MEMORY_H 1
| #define HAVE_STRINGS_H 1
| #define HAVE_INTTYPES_H 1
| #define HAVE_STDINT_H 1
| #define HAVE_UNISTD_H 1
| #define __EXTENSIONS__ 1
| #define _ALL_SOURCE 1
| #define _GNU_SOURCE 1
| #define _POSIX_PTHREAD_SEMANTICS 1
| #define _TANDEM_SOURCE 1
| /* end confdefs.h.  */
| #ifndef __APPLE_CC__
| 	       not a universal capable compiler
| 	     #endif
| 	     typedef int dummy;
| 
configure:5017: g++ -c -g -O2 -std=c++11  -DMAXCONN=16384 -I../common conftest.cpp >&5
configure:5017: $? = 0
configure:5035: g++ -c -g -O2 -std=c++11  -DMAXCONN=16384 -I../common conftest.cpp >&5
conftest.cpp: In function 'int main()':
conftest.cpp:31:8: error: 'big' was not declared in this scope
    not big endian
        ^
conftest.cpp:31:12: error: expected ';' before 'endian'
    not big endian
            ^
configure:5035: $? = 1
configure: failed program was:
| /* confdefs.h */
| #define PACKAGE_NAME ""
| #define PACKAGE_TARNAME ""
| #define PACKAGE_VERSION ""
| #define PACKAGE_STRING ""
| #define PACKAGE_BUGREPORT ""
| #define PACKAGE_URL ""
| #define STDC_HEADERS 1
| #define HAVE_SYS_TYPES_H 1
| #define HAVE_SYS_STAT_H 1
| #define HAVE_STDLIB_H 1
| #define HAVE_STRING_H 1
| #define HAVE_MEMORY_H 1
| #define HAVE_STRINGS_H 1
| #define HAVE_INTTYPES_H 1
| #define HAVE_STDINT_H 1
| #define HAVE_UNISTD_H 1
| #define __EXTENSIONS__ 1
| #define _ALL_SOURCE 1
| #define _GNU_SOURCE 1
| #define _POSIX_PTHREAD_SEMANTICS 1
| #define _TANDEM_SOURCE 1
| /* end confdefs.h.  */
| #include <sys/types.h>
| 		#include <sys/param.h>
| 
| int
| main ()
| {
| #if BYTE_ORDER != BIG_ENDIAN
| 		 not big endian
| 		#endif
| 
|   ;
|   return 0;
| }
configure:5163: result: no
configure:5232: checking whether gcc produces 32bit code
configure:5250: g++ -o conftest -g -O2 -std=c++11  -DMAXCONN=16384 -I../common  conftest.cpp  >&5
configure:5250: $? = 0
configure:5250: ./conftest
configure:5250: $? = 1
configure: program exited with status 1
configure: failed program was:
| /* confdefs.h */
| #define PACKAGE_NAME ""
| #define PACKAGE_TARNAME ""
| #define PACKAGE_VERSION ""
| #define PACKAGE_STRING ""
| #define PACKAGE_BUGREPORT ""
| #define PACKAGE_URL ""
| #define STDC_HEADERS 1
| #define HAVE_SYS_TYPES_H 1
| #define HAVE_SYS_STAT_H 1
| #define HAVE_STDLIB_H 1
| #define HAVE_STRING_H 1
| #define HAVE_MEMORY_H 1
| #define HAVE_STRINGS_H 1
| #define HAVE_INTTYPES_H 1
| #define HAVE_STDINT_H 1
| #define HAVE_UNISTD_H 1
| #define __EXTENSIONS__ 1
| #define _ALL_SOURCE 1
| #define _GNU_SOURCE 1
| #define _POSIX_PTHREAD_SEMANTICS 1
| #define _TANDEM_SOURCE 1
| /* end confdefs.h.  */
| 
| 		int main(int argc, char **argv){
| 			if(sizeof(void*) == 4) return 0;
| 			else return 1;
| 		}
| 
configure:5295: result: no
configure:5309: checking whether gcc supports __thread specifier (TLS)
configure:5328: g++ -o conftest -g -O2 -std=c++11  -DMAXCONN=16384 -I../common  conftest.cpp  >&5
configure:5328: $? = 0
configure:5328: ./conftest
configure:5328: $? = 0
configure:5330: result: yes
configure:5359: checking whether gcc supports -ffat-lto-objects
configure:5376: g++ -o conftest -g -O2 -std=c++11  -DMAXCONN=16384 -I../common -DHAS_TLS  -flto -fuse-linker-plugin -ffat-lto-objects conftest.cpp  >&5
configure:5376: $? = 0
configure:5376: ./conftest
configure:5376: $? = 0
configure:5378: result: yes
configure:5398: checking whether gcc supports -flto -fuse-linker-plugin
configure:5415: g++ -o conftest -g -O2 -std=c++11  -DMAXCONN=16384 -I../common -DHAS_TLS  -flto -fuse-linker-plugin conftest.cpp  >&5
configure:5415: $? = 0
configure:5415: ./conftest
configure:5415: $? = 0
configure:5417: result: yes
configure:5442: checking whether gcc supports -Wno-unused-parameter
configure:5450: g++ -c -g -O2 -std=c++11  -DMAXCONN=16384 -I../common -DHAS_TLS conftest.cpp >&5
configure:5450: $? = 0
configure:5460: g++ -c -g -O2 -std=c++11  -DMAXCONN=16384 -I../common -DHAS_TLS conftest.cpp >&5
configure:5460: $? = 0
configure:5462: result: yes
configure:5467: checking whether gcc can actually use -Wno-unused-parameter
configure:5474: g++ -c -g -O2 -std=c++11  -DMAXCONN=16384 -I../common -DHAS_TLS conftest.cpp >&5
configure:5474: $? = 0
configure:5476: result: not needed but enabled
configure:5530: checking whether gcc supports -Wempty-body
configure:5538: g++ -c -g -O2 -std=c++11  -DMAXCONN=16384 -I../common -DHAS_TLS conftest.cpp >&5
configure:5538: $? = 0
configure:5540: result: yes
configure:5579: checking whether gcc supports -Wno-switch
configure:5587: g++ -c -g -O2 -std=c++11  -DMAXCONN=16384 -I../common -DHAS_TLS conftest.cpp >&5
configure:5587: $? = 0
configure:5597: g++ -c -g -O2 -std=c++11  -DMAXCONN=16384 -I../common -DHAS_TLS conftest.cpp >&5
configure:5597: $? = 0
configure:5599: result: yes
configure:5667: checking whether gcc supports -Wno-missing-field-initializers
configure:5675: g++ -c -g -O2 -std=c++11  -DMAXCONN=16384 -I../common -DHAS_TLS conftest.cpp >&5
configure:5675: $? = 0
configure:5685: g++ -c -g -O2 -std=c++11  -DMAXCONN=16384 -I../common -DHAS_TLS conftest.cpp >&5
configure:5685: $? = 0
configure:5687: result: yes
configure:5754: checking whether compiler is clang
configure:5760: result: no
configure:5763: checking whether gcc supports -Wno-maybe-uninitialized
configure:5771: g++ -c -g -O2 -std=c++11  -DMAXCONN=16384 -I../common -DHAS_TLS conftest.cpp >&5
configure:5771: $? = 0
configure:5781: g++ -c -g -O2 -std=c++11  -DMAXCONN=16384 -I../common -DHAS_TLS conftest.cpp >&5
configure:5781: $? = 0
configure:5783: result: yes
configure:5851: checking whether gcc supports -Wno-clobbered
configure:5859: g++ -c -g -O2 -std=c++11  -DMAXCONN=16384 -I../common -DHAS_TLS conftest.cpp >&5
configure:5859: $? = 0
configure:5869: g++ -c -g -O2 -std=c++11  -DMAXCONN=16384 -I../common -DHAS_TLS conftest.cpp >&5
configure:5869: $? = 0
configure:5871: result: yes
configure:5945: checking whether gcc supports -Wshadow
configure:5953: g++ -c -g -O2 -std=c++11  -DMAXCONN=16384 -I../common -DHAS_TLS conftest.cpp >&5
configure:5953: $? = 0
configure:5955: result: yes
configure:5994: checking whether gcc can efficiently use -Wshadow
configure:6010: g++ -c -g -O2 -std=c++11  -DMAXCONN=16384 -I../common -DHAS_TLS conftest.cpp >&5
configure:6010: $? = 0
configure:6012: result: yes
configure:6027: checking whether gcc supports -fPIC
configure:6035: g++ -c -g -O2 -std=c++11  -DMAXCONN=16384 -I../common -DHAS_TLS conftest.cpp >&5
configure:6035: $? = 0
configure:6037: result: yes
configure:6055: checking how to make shared objects
configure:6076: g++ -o conftest -g -O2 -std=c++11  -DMAXCONN=16384 -I../common -DHAS_TLS  conftest.cpp  >&5
/usr/lib/gcc/x86_64-linux-gnu/4.8/../../../x86_64-linux-gnu/crt1.o: In function `_start':
(.text+0x20): undefined reference to `main'
collect2: error: ld returned 1 exit status
configure:6076: $? = 1
configure: failed program was:
| /* confdefs.h */
| #define PACKAGE_NAME ""
| #define PACKAGE_TARNAME ""
| #define PACKAGE_VERSION ""
| #define PACKAGE_STRING ""
| #define PACKAGE_BUGREPORT ""
| #define PACKAGE_URL ""
| #define STDC_HEADERS 1
| #define HAVE_SYS_TYPES_H 1
| #define HAVE_SYS_STAT_H 1
| #define HAVE_STDLIB_H 1
| #define HAVE_STRING_H 1
| #define HAVE_MEMORY_H 1
| #define HAVE_STRINGS_H 1
| #define HAVE_INTTYPES_H 1
| #define HAVE_STDINT_H 1
| #define HAVE_UNISTD_H 1
| #define __EXTENSIONS__ 1
| #define _ALL_SOURCE 1
| #define _GNU_SOURCE 1
| #define _POSIX_PTHREAD_SEMANTICS 1
| #define _TANDEM_SOURCE 1
| /* end confdefs.h.  */
| 
| 		int bar = 0;
| 
| 		int foo(void)
| 		{
| 			return bar;
| 		}
| 
configure:6098: g++ -o conftest -g -O2 -std=c++11  -DMAXCONN=16384 -I../common -DHAS_TLS  conftest.cpp  >&5
/usr/lib/gcc/x86_64-linux-gnu/4.8/../../../x86_64-linux-gnu/crt1.o: In function `_start':
(.text+0x20): undefined reference to `main'
collect2: error: ld returned 1 exit status
configure:6098: $? = 1
configure: failed program was:
| /* confdefs.h */
| #define PACKAGE_NAME ""
| #define PACKAGE_TARNAME ""
| #define PACKAGE_VERSION ""
| #define PACKAGE_STRING ""
| #define PACKAGE_BUGREPORT ""
| #define PACKAGE_URL ""
| #define STDC_HEADERS 1
| #define HAVE_SYS_TYPES_H 1
| #define HAVE_SYS_STAT_H 1
| #define HAVE_STDLIB_H 1
| #define HAVE_STRING_H 1
| #define HAVE_MEMORY_H 1
| #define HAVE_STRINGS_H 1
| #define HAVE_INTTYPES_H 1
| #define HAVE_STDINT_H 1
| #define HAVE_UNISTD_H 1
| #define __EXTENSIONS__ 1
| #define _ALL_SOURCE 1
| #define _GNU_SOURCE 1
| #define _POSIX_PTHREAD_SEMANTICS 1
| #define _TANDEM_SOURCE 1
| /* end confdefs.h.  */
| 
| 		int bar = 0;
| 
| 		int foo(void)
| 		{
| 			return bar;
| 		}
| 
configure:6109: result: not supported
configure:6111: compiler is unable to generate shared objects, disabled plugins (optional)
configure:6256: checking whether gcc supports -fno-strict-aliasing
configure:6264: g++ -c -g -O2 -std=c++11  -DMAXCONN=16384 -I../common -DHAS_TLS conftest.cpp >&5
configure:6264: $? = 0
configure:6265: result: yes
configure:6286: checking for setrlimit
configure:6286: g++ -o conftest -g -O2 -std=c++11  -DMAXCONN=16384 -I../common -DHAS_TLS  conftest.cpp  >&5
configure:6286: $? = 0
configure:6286: result: yes
configure:6296: checking for strnlen
configure:6296: g++ -o conftest -g -O2 -std=c++11  -DMAXCONN=16384 -I../common -DHAS_TLS -DHAVE_SETRLIMIT  conftest.cpp  >&5
configure:6296: $? = 0
configure:6296: result: yes
configure:6305: checking for uselocale
configure:6305: g++ -o conftest -g -O2 -std=c++11  -DMAXCONN=16384 -I../common -DHAS_TLS -DHAVE_SETRLIMIT -DHAVE_STRNLEN  conftest.cpp  >&5
configure:6305: $? = 0
configure:6305: result: yes
configure:6316: checking for newlocale
configure:6316: g++ -o conftest -g -O2 -std=c++11  -DMAXCONN=16384 -I../common -DHAS_TLS -DHAVE_SETRLIMIT -DHAVE_STRNLEN  conftest.cpp  >&5
configure:6316: $? = 0
configure:6316: result: yes
configure:6327: checking for freelocale
configure:6327: g++ -o conftest -g -O2 -std=c++11  -DMAXCONN=16384 -I../common -DHAS_TLS -DHAVE_SETRLIMIT -DHAVE_STRNLEN  conftest.cpp  >&5
configure:6327: $? = 0
configure:6327: result: yes
configure:6338: checking for xlocale.h
configure:6338: g++ -c -g -O2 -std=c++11  -DMAXCONN=16384 -I../common -DHAS_TLS -DHAVE_SETRLIMIT -DHAVE_STRNLEN conftest.cpp >&5
configure:6338: $? = 0
configure:6338: result: yes
configure:6662: checking for library containing inflateEnd
configure:6693: g++ -o conftest -g -O2 -std=c++11  -DMAXCONN=16384 -I../common -DHAS_TLS -DHAVE_SETRLIMIT -DHAVE_STRNLEN  -I/usr/include  -L/usr/lib conftest.cpp  >&5
/tmp/ccywhm3y.o: In function `main':
/home/emulador/conftest.cpp:39: undefined reference to `inflateEnd'
collect2: error: ld returned 1 exit status
configure:6693: $? = 1
configure: failed program was:
| /* confdefs.h */
| #define PACKAGE_NAME ""
| #define PACKAGE_TARNAME ""
| #define PACKAGE_VERSION ""
| #define PACKAGE_STRING ""
| #define PACKAGE_BUGREPORT ""
| #define PACKAGE_URL ""
| #define STDC_HEADERS 1
| #define HAVE_SYS_TYPES_H 1
| #define HAVE_SYS_STAT_H 1
| #define HAVE_STDLIB_H 1
| #define HAVE_STRING_H 1
| #define HAVE_MEMORY_H 1
| #define HAVE_STRINGS_H 1
| #define HAVE_INTTYPES_H 1
| #define HAVE_STDINT_H 1
| #define HAVE_UNISTD_H 1
| #define __EXTENSIONS__ 1
| #define _ALL_SOURCE 1
| #define _GNU_SOURCE 1
| #define _POSIX_PTHREAD_SEMANTICS 1
| #define _TANDEM_SOURCE 1
| #define HAVE_USELOCALE 1
| #define HAVE_NEWLOCALE 1
| #define HAVE_FREELOCALE 1
| #define HAVE_XLOCALE_H 1
| /* end confdefs.h.  */
| 
| /* Override any GCC internal prototype to avoid an error.
|    Use char because int might match the return type of a GCC
|    builtin and then its argument prototype would still apply.  */
| #ifdef __cplusplus
| extern "C"
| #endif
| char inflateEnd ();
| int
| main ()
| {
| return inflateEnd ();
|   ;
|   return 0;
| }
configure:6693: g++ -o conftest -g -O2 -std=c++11  -DMAXCONN=16384 -I../common -DHAS_TLS -DHAVE_SETRLIMIT -DHAVE_STRNLEN  -I/usr/include  -L/usr/lib conftest.cpp -lz   >&5
configure:6693: $? = 0
configure:6710: result: -lz
configure:6720: checking for zlib.h
configure:6720: g++ -c -g -O2 -std=c++11  -DMAXCONN=16384 -I../common -DHAS_TLS -DHAVE_SETRLIMIT -DHAVE_STRNLEN  -I/usr/include conftest.cpp >&5
configure:6720: $? = 0
configure:6720: result: yes
configure:6737: checking for library containing sqrt
configure:6768: g++ -o conftest -g -O2 -std=c++11  -DMAXCONN=16384 -I../common -DHAS_TLS -DHAVE_SETRLIMIT -DHAVE_STRNLEN  -I/usr/include  -L/usr/lib conftest.cpp -lz  >&5
configure:6768: $? = 0
configure:6785: result: none required
configure:6800: checking for library containing clock_gettime
configure:6831: g++ -o conftest -g -O2 -std=c++11  -DMAXCONN=16384 -I../common -DHAS_TLS -DHAVE_SETRLIMIT -DHAVE_STRNLEN  -I/usr/include  -L/usr/lib conftest.cpp -lz  >&5
configure:6831: $? = 0
configure:6848: result: none required
configure:6867: checking whether CLOCK_MONOTONIC is supported and works
configure:6890: g++ -o conftest -g -O2 -std=c++11  -DMAXCONN=16384 -I../common -DHAS_TLS -DHAVE_SETRLIMIT -DHAVE_STRNLEN  -I/usr/include  -L/usr/lib conftest.cpp -lz  >&5
configure:6890: $? = 0
configure:6890: ./conftest
configure:6890: $? = 0
configure:6892: result: yes
configure:6914: checking for library containing pthread_create
configure:6945: g++ -o conftest -g -O2 -std=c++11  -DMAXCONN=16384 -I../common -DHAS_TLS -DHAVE_SETRLIMIT -DHAVE_STRNLEN  -I/usr/include -DHAVE_MONOTONIC_CLOCK  -L/usr/lib conftest.cpp -lz  >&5
/tmp/ccbu6wL4.o: In function `main':
/home/emulador/conftest.cpp:39: undefined reference to `pthread_create'
collect2: error: ld returned 1 exit status
configure:6945: $? = 1
configure: failed program was:
| /* confdefs.h */
| #define PACKAGE_NAME ""
| #define PACKAGE_TARNAME ""
| #define PACKAGE_VERSION ""
| #define PACKAGE_STRING ""
| #define PACKAGE_BUGREPORT ""
| #define PACKAGE_URL ""
| #define STDC_HEADERS 1
| #define HAVE_SYS_TYPES_H 1
| #define HAVE_SYS_STAT_H 1
| #define HAVE_STDLIB_H 1
| #define HAVE_STRING_H 1
| #define HAVE_MEMORY_H 1
| #define HAVE_STRINGS_H 1
| #define HAVE_INTTYPES_H 1
| #define HAVE_STDINT_H 1
| #define HAVE_UNISTD_H 1
| #define __EXTENSIONS__ 1
| #define _ALL_SOURCE 1
| #define _GNU_SOURCE 1
| #define _POSIX_PTHREAD_SEMANTICS 1
| #define _TANDEM_SOURCE 1
| #define HAVE_USELOCALE 1
| #define HAVE_NEWLOCALE 1
| #define HAVE_FREELOCALE 1
| #define HAVE_XLOCALE_H 1
| /* end confdefs.h.  */
| 
| /* Override any GCC internal prototype to avoid an error.
|    Use char because int might match the return type of a GCC
|    builtin and then its argument prototype would still apply.  */
| #ifdef __cplusplus
| extern "C"
| #endif
| char pthread_create ();
| int
| main ()
| {
| return pthread_create ();
|   ;
|   return 0;
| }
configure:6945: g++ -o conftest -g -O2 -std=c++11  -DMAXCONN=16384 -I../common -DHAS_TLS -DHAVE_SETRLIMIT -DHAVE_STRNLEN  -I/usr/include -DHAVE_MONOTONIC_CLOCK  -L/usr/lib conftest.cpp -lpthread  -lz  >&5
configure:6945: $? = 0
configure:6962: result: -lpthread
configure:6972: checking for library containing pthread_sigmask
configure:7003: g++ -o conftest -g -O2 -std=c++11  -DMAXCONN=16384 -I../common -DHAS_TLS -DHAVE_SETRLIMIT -DHAVE_STRNLEN  -I/usr/include -DHAVE_MONOTONIC_CLOCK  -L/usr/lib conftest.cpp -lpthread -lz  >&5
configure:7003: $? = 0
configure:7020: result: none required
configure:7030: checking for library containing pthread_attr_init
configure:7061: g++ -o conftest -g -O2 -std=c++11  -DMAXCONN=16384 -I../common -DHAS_TLS -DHAVE_SETRLIMIT -DHAVE_STRNLEN  -I/usr/include -DHAVE_MONOTONIC_CLOCK  -L/usr/lib conftest.cpp -lpthread -lz  >&5
configure:7061: $? = 0
configure:7078: result: none required
configure:7088: checking for library containing pthread_attr_setstacksize
configure:7119: g++ -o conftest -g -O2 -std=c++11  -DMAXCONN=16384 -I../common -DHAS_TLS -DHAVE_SETRLIMIT -DHAVE_STRNLEN  -I/usr/include -DHAVE_MONOTONIC_CLOCK  -L/usr/lib conftest.cpp -lpthread -lz  >&5
configure:7119: $? = 0
configure:7136: result: none required
configure:7146: checking for library containing pthread_attr_destroy
configure:7177: g++ -o conftest -g -O2 -std=c++11  -DMAXCONN=16384 -I../common -DHAS_TLS -DHAVE_SETRLIMIT -DHAVE_STRNLEN  -I/usr/include -DHAVE_MONOTONIC_CLOCK  -L/usr/lib conftest.cpp -lpthread -lz  >&5
configure:7177: $? = 0
configure:7194: result: none required
configure:7204: checking for library containing pthread_cancel
configure:7235: g++ -o conftest -g -O2 -std=c++11  -DMAXCONN=16384 -I../common -DHAS_TLS -DHAVE_SETRLIMIT -DHAVE_STRNLEN  -I/usr/include -DHAVE_MONOTONIC_CLOCK  -L/usr/lib conftest.cpp -lpthread -lz  >&5
configure:7235: $? = 0
configure:7252: result: none required
configure:7262: checking for library containing pthread_join
configure:7293: g++ -o conftest -g -O2 -std=c++11  -DMAXCONN=16384 -I../common -DHAS_TLS -DHAVE_SETRLIMIT -DHAVE_STRNLEN  -I/usr/include -DHAVE_MONOTONIC_CLOCK  -L/usr/lib conftest.cpp -lpthread -lz  >&5
configure:7293: $? = 0
configure:7310: result: none required
configure:7329: checking for mysql_config
configure:7347: found /usr/bin/mysql_config
configure:7360: result: /usr/bin/mysql_config
configure:7384: checking for mysql_init in -lmysqlclient
configure:7409: g++ -o conftest -g -O2 -std=c++11  -DMAXCONN=16384 -I../common -DHAS_TLS -DHAVE_SETRLIMIT -DHAVE_STRNLEN  -I/usr/include -DHAVE_MONOTONIC_CLOCK -I/usr/include/mysql  -L/usr/lib -L/usr/lib/x86_64-linux-gnu -lmysqlclient -lpthread -lz -lm -ldl conftest.cpp -lmysqlclient  -lpthread -lz  >&5
configure:7409: $? = 0
configure:7418: result: yes
configure:7424: checking mysql.h usability
configure:7424: g++ -c -g -O2 -std=c++11  -DMAXCONN=16384 -I../common -DHAS_TLS -DHAVE_SETRLIMIT -DHAVE_STRNLEN  -I/usr/include -DHAVE_MONOTONIC_CLOCK -I/usr/include/mysql conftest.cpp >&5
configure:7424: $? = 0
configure:7424: result: yes
configure:7424: checking mysql.h presence
configure:7424:   -DMAXCONN=16384 -I../common -DHAS_TLS -DHAVE_SETRLIMIT -DHAVE_STRNLEN  -I/usr/include -DHAVE_MONOTONIC_CLOCK -I/usr/include/mysql conftest.cpp
./configure: line 1968: -DMAXCONN=16384: command not found
configure:7424: $? = 127
configure: failed program was:
| /* confdefs.h */
| #define PACKAGE_NAME ""
| #define PACKAGE_TARNAME ""
| #define PACKAGE_VERSION ""
| #define PACKAGE_STRING ""
| #define PACKAGE_BUGREPORT ""
| #define PACKAGE_URL ""
| #define STDC_HEADERS 1
| #define HAVE_SYS_TYPES_H 1
| #define HAVE_SYS_STAT_H 1
| #define HAVE_STDLIB_H 1
| #define HAVE_STRING_H 1
| #define HAVE_MEMORY_H 1
| #define HAVE_STRINGS_H 1
| #define HAVE_INTTYPES_H 1
| #define HAVE_STDINT_H 1
| #define HAVE_UNISTD_H 1
| #define __EXTENSIONS__ 1
| #define _ALL_SOURCE 1
| #define _GNU_SOURCE 1
| #define _POSIX_PTHREAD_SEMANTICS 1
| #define _TANDEM_SOURCE 1
| #define HAVE_USELOCALE 1
| #define HAVE_NEWLOCALE 1
| #define HAVE_FREELOCALE 1
| #define HAVE_XLOCALE_H 1
| /* end confdefs.h.  */
| #include <mysql.h>
configure:7424: result: no
configure:7424: WARNING: mysql.h: accepted by the compiler, rejected by the preprocessor!
configure:7424: WARNING: mysql.h: proceeding with the compiler's result
configure:7424: checking for mysql.h
configure:7424: result: yes
configure:7435: checking MySQL library (required)
configure:7438: result: yes (5.5.58)
configure:7467: checking for library containing pcre_study
configure:7498: g++ -o conftest -g -O2 -std=c++11  -DMAXCONN=16384 -I../common -DHAS_TLS -DHAVE_SETRLIMIT -DHAVE_STRNLEN  -I/usr/include -DHAVE_MONOTONIC_CLOCK  -L/usr/lib conftest.cpp -lpthread -lz  >&5
/tmp/ccLIlEy0.o: In function `main':
/home/emulador/conftest.cpp:39: undefined reference to `pcre_study'
collect2: error: ld returned 1 exit status
configure:7498: $? = 1
configure: failed program was:
| /* confdefs.h */
| #define PACKAGE_NAME ""
| #define PACKAGE_TARNAME ""
| #define PACKAGE_VERSION ""
| #define PACKAGE_STRING ""
| #define PACKAGE_BUGREPORT ""
| #define PACKAGE_URL ""
| #define STDC_HEADERS 1
| #define HAVE_SYS_TYPES_H 1
| #define HAVE_SYS_STAT_H 1
| #define HAVE_STDLIB_H 1
| #define HAVE_STRING_H 1
| #define HAVE_MEMORY_H 1
| #define HAVE_STRINGS_H 1
| #define HAVE_INTTYPES_H 1
| #define HAVE_STDINT_H 1
| #define HAVE_UNISTD_H 1
| #define __EXTENSIONS__ 1
| #define _ALL_SOURCE 1
| #define _GNU_SOURCE 1
| #define _POSIX_PTHREAD_SEMANTICS 1
| #define _TANDEM_SOURCE 1
| #define HAVE_USELOCALE 1
| #define HAVE_NEWLOCALE 1
| #define HAVE_FREELOCALE 1
| #define HAVE_XLOCALE_H 1
| /* end confdefs.h.  */
| 
| /* Override any GCC internal prototype to avoid an error.
|    Use char because int might match the return type of a GCC
|    builtin and then its argument prototype would still apply.  */
| #ifdef __cplusplus
| extern "C"
| #endif
| char pcre_study ();
| int
| main ()
| {
| return pcre_study ();
|   ;
|   return 0;
| }
configure:7498: g++ -o conftest -g -O2 -std=c++11  -DMAXCONN=16384 -I../common -DHAS_TLS -DHAVE_SETRLIMIT -DHAVE_STRNLEN  -I/usr/include -DHAVE_MONOTONIC_CLOCK  -L/usr/lib conftest.cpp -lpcre  -lpthread -lz  >&5
configure:7498: $? = 0
configure:7515: result: -lpcre
configure:7576: checking PCRE library (optional)
configure:7580: result: yes (8.31)
configure:7603: checking host OS
configure:7606: result: Linux
configure:7631: checking for MinGW
configure:7642: result: no
configure:7650: Configure finish
configure:7652: CPPFLAGS=  -DMAXCONN=16384 -I../common -DHAS_TLS -DHAVE_SETRLIMIT -DHAVE_STRNLEN  -I/usr/include -DHAVE_MONOTONIC_CLOCK
configure:7654: CFLAGS= -flto -fuse-linker-plugin -g -O2 -pipe -ffast-math -Wall -Wempty-body -Wno-switch -Wno-missing-field-initializers -Wno-maybe-uninitialized -Wno-clobbered -Wshadow -fno-strict-aliasing
configure:7656: CFLAGS_AR= -flto -fuse-linker-plugin -ffat-lto-objects -flto -fuse-linker-plugin -g -O2 -pipe -ffast-math -Wall -Wempty-body -Wno-switch -Wno-missing-field-initializers -Wno-maybe-uninitialized -Wno-clobbered -Wshadow -fno-strict-aliasing
configure:7658: LDFLAGS=  -L/usr/lib
configure:7662: output name =  login-server, char-server, map-server
configure:7817: creating ./config.status

## ---------------------- ##
## Running config.status. ##
## ---------------------- ##

This file was extended by config.status, which was
generated by GNU Autoconf 2.69.  Invocation command line was

  CONFIG_FILES    = 
  CONFIG_HEADERS  = 
  CONFIG_LINKS    = 
  CONFIG_COMMANDS = 
  $ ./config.status 

on vps156169.vps.ovh.ca

config.status:757: creating Makefile
config.status:757: creating src/common/Makefile
config.status:757: creating 3rdparty/mt19937ar/Makefile
config.status:757: creating 3rdparty/libconfig/Makefile
config.status:757: creating 3rdparty/yaml-cpp/Makefile
config.status:757: creating src/char/Makefile
config.status:757: creating src/login/Makefile
config.status:757: creating src/map/Makefile
config.status:757: creating src/tool/Makefile

## ---------------- ##
## Cache variables. ##
## ---------------- ##

ac_cv_c_bigendian=no
ac_cv_c_compiler_gnu=yes
ac_cv_cxx_compiler_gnu=yes
ac_cv_env_CCC_set=
ac_cv_env_CCC_value=
ac_cv_env_CC_set=
ac_cv_env_CC_value=
ac_cv_env_CFLAGS_set=
ac_cv_env_CFLAGS_value=
ac_cv_env_CPPFLAGS_set=
ac_cv_env_CPPFLAGS_value=
ac_cv_env_CPP_set=
ac_cv_env_CPP_value=
ac_cv_env_CXXCPP_set=
ac_cv_env_CXXCPP_value=
ac_cv_env_CXXFLAGS_set=
ac_cv_env_CXXFLAGS_value=
ac_cv_env_CXX_set=
ac_cv_env_CXX_value=
ac_cv_env_LDFLAGS_set=
ac_cv_env_LDFLAGS_value=
ac_cv_env_LIBS_set=
ac_cv_env_LIBS_value=
ac_cv_env_build_alias_set=
ac_cv_env_build_alias_value=
ac_cv_env_host_alias_set=
ac_cv_env_host_alias_value=
ac_cv_env_target_alias_set=
ac_cv_env_target_alias_value=
ac_cv_func_freelocale=yes
ac_cv_func_newlocale=yes
ac_cv_func_setrlimit=yes
ac_cv_func_strnlen=yes
ac_cv_func_uselocale=yes
ac_cv_header_inttypes_h=yes
ac_cv_header_memory_h=yes
ac_cv_header_minix_config_h=no
ac_cv_header_mysql_h=yes
ac_cv_header_stdc=yes
ac_cv_header_stdint_h=yes
ac_cv_header_stdlib_h=yes
ac_cv_header_string_h=yes
ac_cv_header_strings_h=yes
ac_cv_header_sys_stat_h=yes
ac_cv_header_sys_types_h=yes
ac_cv_header_unistd_h=yes
ac_cv_header_xlocale_h=yes
ac_cv_header_zlib_h=yes
ac_cv_lib_mysqlclient_mysql_init=yes
ac_cv_objext=o
ac_cv_path_AR=/usr/bin/ar
ac_cv_path_EGREP='/bin/grep -E'
ac_cv_path_GREP=/bin/grep
ac_cv_path_MYSQL_CONFIG_HOME=/usr/bin/mysql_config
ac_cv_prog_CPP='gcc -E'
ac_cv_prog_ac_ct_CC=gcc
ac_cv_prog_ac_ct_CXX=g++
ac_cv_prog_cc_c89=
ac_cv_prog_cc_g=yes
ac_cv_prog_cxx_g=yes
ac_cv_prog_make_make_set=yes
ac_cv_safe_to_define___extensions__=yes
ac_cv_search_clock_gettime='none required'
ac_cv_search_inflateEnd=-lz
ac_cv_search_pcre_study=-lpcre
ac_cv_search_pthread_attr_destroy='none required'
ac_cv_search_pthread_attr_init='none required'
ac_cv_search_pthread_attr_setstacksize='none required'
ac_cv_search_pthread_cancel='none required'
ac_cv_search_pthread_create=-lpthread
ac_cv_search_pthread_join='none required'
ac_cv_search_pthread_sigmask='none required'
ac_cv_search_sqrt='none required'

## ----------------- ##
## Output variables. ##
## ----------------- ##

AR='/usr/bin/ar'
CC='gcc'
CFLAGS='-flto -fuse-linker-plugin -g -O2 -pipe -ffast-math -Wall -Wempty-body -Wno-switch -Wno-missing-field-initializers -Wno-maybe-uninitialized -Wno-clobbered -Wshadow -fno-strict-aliasing'
CFLAGS_AR='-flto -fuse-linker-plugin -ffat-lto-objects -flto -fuse-linker-plugin -g -O2 -pipe -ffast-math -Wall -Wempty-body -Wno-switch -Wno-missing-field-initializers -Wno-maybe-uninitialized -Wno-clobbered -Wshadow -fno-strict-aliasing'
CPP='gcc -E'
CPPFLAGS=' -DMAXCONN=16384 -I../common -DHAS_TLS -DHAVE_SETRLIMIT -DHAVE_STRNLEN  -I/usr/include -DHAVE_MONOTONIC_CLOCK'
CXX='g++'
CXXCPP=''
CXXFLAGS='-g -O2 -std=c++11'
DEFS='-DPACKAGE_NAME=\"\" -DPACKAGE_TARNAME=\"\" -DPACKAGE_VERSION=\"\" -DPACKAGE_STRING=\"\" -DPACKAGE_BUGREPORT=\"\" -DPACKAGE_URL=\"\" -DSTDC_HEADERS=1 -DHAVE_SYS_TYPES_H=1 -DHAVE_SYS_STAT_H=1 -DHAVE_STDLIB_H=1 -DHAVE_STRING_H=1 -DHAVE_MEMORY_H=1 -DHAVE_STRINGS_H=1 -DHAVE_INTTYPES_H=1 -DHAVE_STDINT_H=1 -DHAVE_UNISTD_H=1 -D__EXTENSIONS__=1 -D_ALL_SOURCE=1 -D_GNU_SOURCE=1 -D_POSIX_PTHREAD_SEMANTICS=1 -D_TANDEM_SOURCE=1 -DHAVE_USELOCALE=1 -DHAVE_NEWLOCALE=1 -DHAVE_FREELOCALE=1 -DHAVE_XLOCALE_H=1'
DLLEXT='.so'
ECHO_C=''
ECHO_N='-n'
ECHO_T=''
EGREP='/bin/grep -E'
EXEEXT=''
GREP='/bin/grep'
HAVE_MYSQL='yes'
HAVE_PCRE='yes'
LDFLAGS=' -L/usr/lib'
LIBOBJS=''
LIBS='-lpcre -lpthread -lz  -ldl'
LTLIBOBJS=''
MYSQL_CFLAGS='-I/usr/include/mysql'
MYSQL_CONFIG_HOME='/usr/bin/mysql_config'
MYSQL_LIBS='-L/usr/lib/x86_64-linux-gnu -lmysqlclient -lpthread -lz -lm -ldl'
MYSQL_VERSION='5.5.58'
OBJEXT='o'
OCHR='char-server'
OLOG='login-server'
OMAP='map-server'
PACKAGE_BUGREPORT=''
PACKAGE_NAME=''
PACKAGE_STRING=''
PACKAGE_TARNAME=''
PACKAGE_URL=''
PACKAGE_VERSION=''
PATH_SEPARATOR=':'
PCRE_CFLAGS=''
PCRE_LIBS='-lpcre'
PCRE_VERSION='8.31'
SET_MAKE=''
SHELL='/bin/bash'
SOFLAGS=''
WITH_PLUGINS='no'
ac_ct_CC='gcc'
ac_ct_CXX='g++'
bindir='${exec_prefix}/bin'
build_alias=''
datadir='${datarootdir}'
datarootdir='${prefix}/share'
docdir='${datarootdir}/doc/${PACKAGE}'
dvidir='${docdir}'
exec_prefix='${prefix}'
host_alias=''
htmldir='${docdir}'
includedir='${prefix}/include'
infodir='${datarootdir}/info'
libdir='${exec_prefix}/lib'
libexecdir='${exec_prefix}/libexec'
localedir='${datarootdir}/locale'
localstatedir='${prefix}/var'
mandir='${datarootdir}/man'
oldincludedir='/usr/include'
pdfdir='${docdir}'
prefix='/usr/local'
program_transform_name='s,x,x,'
psdir='${docdir}'
runstatedir='${localstatedir}/run'
sbindir='${exec_prefix}/sbin'
sharedstatedir='${prefix}/com'
sysconfdir='${prefix}/etc'
target_alias=''

## ----------- ##
## confdefs.h. ##
## ----------- ##

/* confdefs.h */
#define PACKAGE_NAME ""
#define PACKAGE_TARNAME ""
#define PACKAGE_VERSION ""
#define PACKAGE_STRING ""
#define PACKAGE_BUGREPORT ""
#define PACKAGE_URL ""
#define STDC_HEADERS 1
#define HAVE_SYS_TYPES_H 1
#define HAVE_SYS_STAT_H 1
#define HAVE_STDLIB_H 1
#define HAVE_STRING_H 1
#define HAVE_MEMORY_H 1
#define HAVE_STRINGS_H 1
#define HAVE_INTTYPES_H 1
#define HAVE_STDINT_H 1
#define HAVE_UNISTD_H 1
#define __EXTENSIONS__ 1
#define _ALL_SOURCE 1
#define _GNU_SOURCE 1
#define _POSIX_PTHREAD_SEMANTICS 1
#define _TANDEM_SOURCE 1
#define HAVE_USELOCALE 1
#define HAVE_NEWLOCALE 1
#define HAVE_FREELOCALE 1
#define HAVE_XLOCALE_H 1

configure: exit 0
